[2021-02-23T14:42:14.206] [DEBUG] cheese - Url {
  protocol: 'https:',
  slashes: true,
  auth: null,
  host: 'www.baidu.com:443',
  port: '443',
  hostname: 'www.baidu.com',
  hash: '#tag=3',
  search: '?id=2',
  query: 'id=2',
  pathname: '/path/index.html',
  path: '/path/index.html?id=2',
  href: 'https://www.baidu.com:443/path/index.html?id=2#tag=3'
}
[2021-02-23T14:44:25.359] [DEBUG] cheese - https://www.baidu.com:443/path/index.html?id=2#tag=3
[2021-02-23T14:45:58.918] [DEBUG] cheese - http://www.abc.com/
[2021-02-23T14:46:58.821] [DEBUG] cheese - http://www.abc.com/
[2021-02-23T14:47:03.251] [DEBUG] cheese - http://www.abc.com/
[2021-02-23T14:47:03.253] [DEBUG] cheese - http://www.abc.com/b
[2021-02-23T14:48:52.611] [DEBUG] cheese - URLSearchParams { 'https://www.baidu.com:443/path/index.html?id' => '2#tag=3' }
[2021-02-23T14:49:30.461] [DEBUG] cheese - URLSearchParams { 'https://www.baidu.com:443/path/index.html?id' => '2#tag=3' }
[2021-02-23T14:49:30.465] [DEBUG] cheese - null
[2021-02-23T14:54:51.000] [DEBUG] cheese - 2
